# $ns_ at 60 $node_(0) startNode 
# $ns_ at 60 $node_(0) set 2381  3965 2372 3995 8.88888888888889 
# $ns_ at 113 $node_(0) set 2372  3995 2372 3995 0 
# $ns_ at 114 $node_(0) set 2372  3995 2400 4018 0 
# $ns_ at 130 $node_(0) set 2400  4018 1582 4374 0 
# $ns_ at 310 $node_(0) set 1582  4374 1378 4510 12.5 
# $ns_ at 327 $node_(0) set 1378  4510 1456 4791 9.16666666666667 
# $ns_ at 417 $node_(0) set 1456  4791 1505 5099 3.88888888888889 
# $ns_ at 450 $node_(0) set 1505  5099 1338 5425 8.88888888888889 
# $ns_ at 491 $node_(0) set 1338  5425 1149 5491 11.6666666666667 
# $ns_ at 502 $node_(0) set 1149  5491 173 5938 11.6666666666667 
# $ns_ at 672 $node_(0) set 173  5938 0.0100000000093132 6017.97527638191 0.277777777777778 
# $ns_ at 672 $node_(0) stopNode 
# $ns_ at 1167 $node_(0) startNode 
# $ns_ at 1167 $node_(0) set 769  5950 2092 5465 27.2222222222222 
# $ns_ at 1347 $node_(0) set 2092  5465 2912 4817 7.5 
# $ns_ at 1527 $node_(0) set 2912  4817 2912 4817 2.5 
# $ns_ at 1528 $node_(0) set 2912  4817 2982 4877 2.5 
# $ns_ at 1558 $node_(0) set 2982  4877 2982 4877 0 
# $ns_ at 1558 $node_(0) set 2982  4877 2968 4861 0 
# $ns_ at 1591 $node_(0) set 2968  4861 2986 4740 0 
# $ns_ at 1622 $node_(0) set 2986  4740 3114 4924 6.38888888888889 
# $ns_ at 1651 $node_(0) set 3114  4924 3147 4913 3.88888888888889 
# $ns_ at 1682 $node_(0) set 3147  4913 3169 4918 0 
# $ns_ at 1717 $node_(0) set 3169  4918 3174 4925 0 
# $ns_ at 1747 $node_(0) set 3174  4925 3203 4943 0 
# $ns_ at 1776 $node_(0) set 3203  4943 3219 4944 0 
# $ns_ at 1806 $node_(0) set 3219  4944 3246 4971 0.555555555555556 
# $ns_ at 1837 $node_(0) set 3246  4971 3272 4999 0 
# $ns_ at 1867 $node_(0) set 3272  4999 3291 5018 0 
# $ns_ at 1897 $node_(0) set 3291  5018 3305 5048 0 
# $ns_ at 1926 $node_(0) set 3305  5048 3316 5068 1.11111111111111 
# $ns_ at 1956 $node_(0) set 3316  5068 3316 5071 0 
# $ns_ at 1987 $node_(0) set 3316  5071 3307 5030 0 
# $ns_ at 2022 $node_(0) set 3307  5030 3302 5040 0.833333333333333 
# $ns_ at 2057 $node_(0) set 3302  5040 3258 5037 0 
# $ns_ at 2087 $node_(0) set 3258  5037 3236 5028 0 
# $ns_ at 2116 $node_(0) set 3236  5028 3213 5023 0 
# $ns_ at 2148 $node_(0) set 3213  5023 3418 4755 0 
# $ns_ at 2237 $node_(0) set 3418  4755 3152 4517 13.0555555555556 
# $ns_ at 2332 $node_(0) set 3152  4517 2507 4838 4.72222222222222 
# $ns_ at 2493 $node_(0) set 2507  4838 2507 4838 0.555555555555556 
# $ns_ at 2493 $node_(0) set 2507  4838 2513 4855 0.555555555555556 
# $ns_ at 2527 $node_(0) set 2513  4855 2513 4862 0 
# $ns_ at 2558 $node_(0) set 2513  4862 2513 4866 0 
# $ns_ at 2586 $node_(0) set 2513  4866 2502 4864 0 
# $ns_ at 2617 $node_(0) set 2502  4864 2502 4866 0 
# $ns_ at 2647 $node_(0) set 2502  4866 2495 4864 0 
# $ns_ at 2677 $node_(0) set 2495  4864 2489 4868 0 
# $ns_ at 2707 $node_(0) set 2489  4868 2495 4871 0 
# $ns_ at 2737 $node_(0) set 2495  4871 2489 4866 0 
# $ns_ at 2767 $node_(0) set 2489  4866 2528 4923 0 
# $ns_ at 2796 $node_(0) set 2528  4923 2495 4885 0 
# $ns_ at 2827 $node_(0) set 2495  4885 2484 4879 0 
# $ns_ at 2852 $node_(0) set 2484  4879 2610 5349 0 
# $ns_ at 3032 $node_(0) set 2610  5349 3041 5184 0.277777777777778 
# $ns_ at 3212 $node_(0) set 3041  5184 5194 6427 13.6111111111111 
# $ns_ at 3392 $node_(0) set 5194  6427 6296.98999999999 6505.32359443631 0 
# $ns_ at 3392 $node_(0) stopNode 
# $ns_ at 4317 $node_(0) startNode 
# $ns_ at 4317 $node_(0) set 6271  7134 6034 7090 6.38888888888889 
# $ns_ at 4347 $node_(0) set 6034  7090 5856 7057 6.38888888888889 
# $ns_ at 4382 $node_(0) set 5856  7057 5812 7050 0 
# $ns_ at 4416 $node_(0) set 5812  7050 5554 6995 6.94444444444444 
# $ns_ at 4446 $node_(0) set 5554  6995 5472 6985 8.61111111111111 
# $ns_ at 4476 $node_(0) set 5472  6985 5409 6976 2.22222222222222 
# $ns_ at 4507 $node_(0) set 5409  6976 5400 6980 1.94444444444444 
# $ns_ at 4537 $node_(0) set 5400  6980 5256 6949 0 
# $ns_ at 4567 $node_(0) set 5256  6949 5186 6929 8.33333333333333 
# $ns_ at 4596 $node_(0) set 5186  6929 4917 6829 5.55555555555556 
# $ns_ at 4627 $node_(0) set 4917  6829 4504 6711 13.0555555555556 
# $ns_ at 4657 $node_(0) set 4504  6711 4037 6615 15.5555555555556 
# $ns_ at 4687 $node_(0) set 4037  6615 3773 6503 14.4444444444444 
# $ns_ at 4717 $node_(0) set 3773  6503 3945 6151 6.66666666666667 
# $ns_ at 4747 $node_(0) set 3945  6151 3987 6103 11.9444444444444 
# $ns_ at 4777 $node_(0) set 3987  6103 3987 6101 0 
# $ns_ at 4807 $node_(0) set 3987  6101 3897 5979 0 
# $ns_ at 4838 $node_(0) set 3897  5979 3884 5944 3.88888888888889 
# $ns_ at 4867 $node_(0) set 3884  5944 3831 6023 0.833333333333333 
# $ns_ at 4898 $node_(0) set 3831  6023 3867 5886 5.55555555555556 
# $ns_ at 4927 $node_(0) set 3867  5886 3851 5937 0 
# $ns_ at 4956 $node_(0) set 3851  5937 3759 6465 0 
# $ns_ at 5137 $node_(0) set 3759  6465 3376 7090 0 
# $ns_ at 5316 $node_(0) set 3376  7090 3356 7583 6.66666666666667 
# $ns_ at 5498 $node_(0) set 3356  7583 3707 8022 3.05555555555556 
# $ns_ at 5678 $node_(0) set 3707  8022 3983 8378 5.55555555555556 
# $ns_ at 5857 $node_(0) set 3983  8378 4306 8975 0 
# $ns_ at 5969 $node_(0) set 4306  8975 4442 9461 14.1666666666667 
# $ns_ at 5999 $node_(0) set 4442  9461 4495 9945 14.4444444444444 
# $ns_ at 6037 $node_(0) set 4495  9945 4634.25455445546 10429.99 13.3333333333333 
# $ns_ at 6037 $node_(0) stopNode 
# $ns_ at 9221 $node_(0) startNode 
# $ns_ at 9221 $node_(0) set 3410  10301 3554 9846 15.5555555555556 
# $ns_ at 9252 $node_(0) set 3554  9846 3576 9363 15.8333333333333 
# $ns_ at 9282 $node_(0) set 3576  9363 3596 8807 18.0555555555556 
# $ns_ at 9312 $node_(0) set 3596  8807 3572 8925 12.5 
# $ns_ at 9341 $node_(0) set 3572  8925 3017 8788 15.8333333333333 
# $ns_ at 9371 $node_(0) set 3017  8788 2920 8766 19.7222222222222 
# $ns_ at 9375 $node_(0) set 2920  8766 2335 8829 20.5555555555556 
# $ns_ at 9406 $node_(0) set 2335  8829 2242 8838 19.4444444444444 
# $ns_ at 9410 $node_(0) set 2242  8838 1813 8865 16.6666666666667 
# $ns_ at 9436 $node_(0) set 1813  8865 1547 8857 16.9444444444444 
# $ns_ at 9451 $node_(0) set 1547  8857 1287 8828 17.5 
# $ns_ at 9470 $node_(0) set 1287  8828 857 8618 18.0555555555556 
# $ns_ at 9497 $node_(0) set 857  8618 516 8506 18.8888888888889 
# $ns_ at 9512 $node_(0) set 516  8506 334 8449 17.5 
# $ns_ at 9526 $node_(0) set 334  8449 0.0100000000093132 8533.6228032345 20.2777777777778 
# $ns_ at 9526 $node_(0) stopNode 
